2019-07-22 09:06:39.631  INFO 14692 --- [Thread-21] o.s.s.concurrent.ThreadPoolTaskExecutor  : Shutting down ExecutorService 'applicationTaskExecutor'
2019-07-22 09:46:13.752  INFO 26376 --- [restartedMain] com.project.web.Application              : Starting Application on Feroctiy with PID 26376 (D:\GIT\Demo\project-web\target\classes started by Administrator in D:\GIT\Demo)
2019-07-22 09:46:13.754  INFO 26376 --- [restartedMain] com.project.web.Application              : No active profile set, falling back to default profiles: default
2019-07-22 09:46:13.925  INFO 26376 --- [restartedMain] .e.DevToolsPropertyDefaultsPostProcessor : Devtools property defaults active! Set 'spring.devtools.add-properties' to 'false' to disable
2019-07-22 09:46:13.925  INFO 26376 --- [restartedMain] .e.DevToolsPropertyDefaultsPostProcessor : For additional web related logging consider setting the 'logging.level.web' property to 'DEBUG'
2019-07-22 09:46:28.460  INFO 26376 --- [restartedMain] o.s.b.w.embedded.tomcat.TomcatWebServer  : Tomcat initialized with port(s): 8080 (http)
2019-07-22 09:46:29.177  INFO 26376 --- [restartedMain] o.apache.catalina.core.StandardService   : Starting service [Tomcat]
2019-07-22 09:46:29.178  INFO 26376 --- [restartedMain] org.apache.catalina.core.StandardEngine  : Starting Servlet engine: [Apache Tomcat/9.0.21]
2019-07-22 09:46:29.929  INFO 26376 --- [restartedMain] o.a.c.c.C.[Tomcat].[localhost].[/]       : Initializing Spring embedded WebApplicationContext
2019-07-22 09:46:29.929  INFO 26376 --- [restartedMain] o.s.web.context.ContextLoader            : Root WebApplicationContext: initialization completed in 16004 ms
2019-07-22 09:46:35.826  INFO 26376 --- [restartedMain] pertySourcedRequestMappingHandlerMapping : Mapped URL path [/v2/api-docs] onto method [public org.springframework.http.ResponseEntity<springfox.documentation.spring.web.json.Json> springfox.documentation.swagger2.web.Swagger2Controller.getDocumentation(java.lang.String,javax.servlet.http.HttpServletRequest)]
2019-07-22 09:46:39.234  INFO 26376 --- [restartedMain] o.s.s.concurrent.ThreadPoolTaskExecutor  : Initializing ExecutorService 'applicationTaskExecutor'
2019-07-22 09:46:40.869  INFO 26376 --- [restartedMain] o.s.b.d.a.OptionalLiveReloadServer       : LiveReload server is running on port 35729
2019-07-22 09:46:42.553  INFO 26376 --- [restartedMain] d.s.w.p.DocumentationPluginsBootstrapper : Context refreshed
2019-07-22 09:46:43.510  INFO 26376 --- [restartedMain] d.s.w.p.DocumentationPluginsBootstrapper : Found 1 custom documentation plugin(s)
2019-07-22 09:46:43.825  INFO 26376 --- [restartedMain] s.d.s.w.s.ApiListingReferenceScanner     : Scanning for api listing references
2019-07-22 09:46:50.881  INFO 26376 --- [restartedMain] o.s.b.w.embedded.tomcat.TomcatWebServer  : Tomcat started on port(s): 8080 (http) with context path ''
2019-07-22 09:46:50.893  INFO 26376 --- [restartedMain] com.project.web.Application              : Started Application in 39.291 seconds (JVM running for 42.468)
2019-07-22 09:47:19.200  INFO 26376 --- [http-nio-8080-exec-1] o.a.c.c.C.[Tomcat].[localhost].[/]       : Initializing Spring DispatcherServlet 'dispatcherServlet'
2019-07-22 09:47:19.201  INFO 26376 --- [http-nio-8080-exec-1] o.s.web.servlet.DispatcherServlet        : Initializing Servlet 'dispatcherServlet'
2019-07-22 09:47:19.267  INFO 26376 --- [http-nio-8080-exec-1] o.s.web.servlet.DispatcherServlet        : Completed initialization in 66 ms
